<?xml version="1.0" encoding="UTF-8"?>
<!-- Generated by org.testng.reporters.JUnitXMLReporter -->
<testsuite ignored="0" hostname="DESKTOP-766P9AG" failures="1" tests="13" name="Default test" time="30.407" errors="0" timestamp="2022-01-25T13:19:22 EST">
  <testcase classname="tests.AmazonSearchTests" name="amazonSearch" time="10.338"/>
  <testcase classname="tests.AmazonSearchTests" name="amazonSearch" time="5.356"/>
  <testcase classname="tests.AmazonSearchTests" name="amazonSearch" time="5.013"/>
  <testcase classname="tests.AmazonSearchTests" name="amazonSearch" time="4.112"/>
  <testcase classname="tests.AmazonSearchTests" name="amazonSearch" time="4.005"/>
  <testcase classname="tests.AmazonSearchTests" name="amazonSearch" time="30.343">
    <failure type="org.testng.internal.reflect.MethodMatcherException" message="
[public void tests.AmazonSearchTests.amazonSearch(java.lang.String)] has no parameters defined but was found to be using a data provider (either explicitly specified or inherited from class level annotation).
Data provider mismatch
Method: amazonSearch([Parameter{index=0, type=java.lang.String, declaredAnnotations=[]}])
Arguments: [(java.lang.Integer) 6454]">
      <![CDATA[org.testng.internal.reflect.MethodMatcherException: 
[public void tests.AmazonSearchTests.amazonSearch(java.lang.String)] has no parameters defined but was found to be using a data provider (either explicitly specified or inherited from class level annotation).
Data provider mismatch
Method: amazonSearch([Parameter{index=0, type=java.lang.String, declaredAnnotations=[]}])
Arguments: [(java.lang.Integer) 6454]
at org.testng.internal.reflect.DataProviderMethodMatcher.getConformingArguments(DataProviderMethodMatcher.java:46)
at org.testng.internal.Parameters.injectParameters(Parameters.java:886)
at org.testng.internal.invokers.MethodRunner.runInSequence(MethodRunner.java:37)
at org.testng.internal.invokers.TestInvoker$MethodInvocationAgent.invoke(TestInvoker.java:945)
at org.testng.internal.invokers.TestInvoker.invokeTestMethods(TestInvoker.java:193)
at org.testng.internal.invokers.TestMethodWorker.invokeTestMethods(TestMethodWorker.java:146)
at org.testng.internal.invokers.TestMethodWorker.run(TestMethodWorker.java:128)
at java.base/java.util.ArrayList.forEach(ArrayList.java:1511)
at org.testng.TestRunner.privateRun(TestRunner.java:808)
at org.testng.TestRunner.run(TestRunner.java:603)
at org.testng.SuiteRunner.runTest(SuiteRunner.java:429)
at org.testng.SuiteRunner.runSequentially(SuiteRunner.java:423)
at org.testng.SuiteRunner.privateRun(SuiteRunner.java:383)
at org.testng.SuiteRunner.run(SuiteRunner.java:326)
at org.testng.SuiteRunnerWorker.runSuite(SuiteRunnerWorker.java:52)
at org.testng.SuiteRunnerWorker.run(SuiteRunnerWorker.java:95)
at org.testng.TestNG.runSuitesSequentially(TestNG.java:1249)
at org.testng.TestNG.runSuitesLocally(TestNG.java:1169)
at org.testng.TestNG.runSuites(TestNG.java:1092)
at org.testng.TestNG.run(TestNG.java:1060)
at org.testng.remote.AbstractRemoteTestNG.run(AbstractRemoteTestNG.java:115)
at org.testng.remote.RemoteTestNG.initAndRun(RemoteTestNG.java:251)
at org.testng.remote.RemoteTestNG.main(RemoteTestNG.java:77)
]]>
    </failure>
  </testcase> <!-- amazonSearch -->
  <testcase classname="tests.AmazonSearchTests" name="objectData" time="0.0"/>
  <testcase classname="tests.AmazonSearchTests" name="objectData" time="0.001"/>
  <testcase classname="tests.AmazonSearchTests" name="objectData" time="0.001"/>
  <testcase classname="tests.AmazonSearchTests" name="objectData" time="0.002"/>
  <testcase classname="tests.AmazonSearchTests" name="objectData" time="0.001"/>
  <testcase classname="tests.AmazonSearchTests" name="objectData" time="0.002"/>
  <testcase classname="tests.AmazonSearchTests" name="objectData" time="0.002"/>
</testsuite> <!-- Default test -->
